<?xml version="1.0" encoding="UTF-8"?>
<!-- Generated by org.testng.reporters.JUnitReportReporter -->
<testsuite hostname="Nimer" failures="0" tests="1" name="project2.myClasss" time="0.009" errors="0" timestamp="2023-10-23T16:33:38 EET" skipped="0">
  <testcase classname="project2.myClasss" name="myTest" time="0.009"/>
  <system-out/>
</testsuite> <!-- project2.myClasss -->
